{"C:\\Users\\Ema\\Desktop\\ejercicio_preexamen\\src\\domain\\validarAprobacion.ts": {"path":"C:\\Users\\Ema\\Desktop\\ejercicio_preexamen\\src\\domain\\validarAprobacion.ts","statementMap":{"0":{"start":{"line":4,"column":0},"end":{"line":4,"column":16}},"1":{"start":{"line":5,"column":4},"end":{"line":7,"column":5}},"2":{"start":{"line":6,"column":8},"end":{"line":6,"column":28}},"3":{"start":{"line":8,"column":4},"end":{"line":8,"column":22}}},"fnMap":{"0":{"name":"validarAprobacion","decl":{"start":{"line":4,"column":16},"end":{"line":4,"column":33}},"loc":{"start":{"line":4,"column":64},"end":{"line":9,"column":1}}}},"branchMap":{"0":{"loc":{"start":{"line":5,"column":4},"end":{"line":7,"column":5}},"type":"if","locations":[{"start":{"line":5,"column":4},"end":{"line":7,"column":5}},{"start":{},"end":{}}]},"1":{"loc":{"start":{"line":5,"column":8},"end":{"line":5,"column":34}},"type":"binary-expr","locations":[{"start":{"line":5,"column":8},"end":{"line":5,"column":19}},{"start":{"line":5,"column":23},"end":{"line":5,"column":34}}]}},"s":{"0":1,"1":7,"2":4,"3":3},"f":{"0":7},"b":{"0":[4,3],"1":[7,4]}}
}
